MPASM  5.51                   MINIPROJECT.ASM   11-24-2020  21:01:16         PAGE  1


LOC  OBJECT CODE     LINE SOURCE TEXT
  VALUE

                      00001  #include<p18F4550.inc>
                      00001         LIST
                      00002 
                      00003 ;==========================================================================
                      00004 ;  MPASM PIC18F4550 processor include
                      00005 ; 
                      00006 ;  (c) Copyright 1999-2013 Microchip Technology, All rights reserved
                      00007 ;==========================================================================
                      00008 
                      01764         LIST
                      00002   
  00000000            00003 loop_cnt1 equ 0x00
  00000001            00004 loop_cnt2 equ 0x01
  00000F82            00005 controllcd equ PORTC
  00000004            00006 RS equ RC4
  00000005            00007 RW equ RC5
  00000006            00008 EN equ RC6
                      00009 
                      00010           org 0x00
000000 EF?? F???      00011           goto start
                      00012           org 0x08
000008 0010           00013           retfie
                      00014           org 0x18
000018 0010           00015           retfie
                      00016           
                      00017 dup_nop   macro kk
                      00018           variable i
                      00019 
                      00020 i=0
                      00021           while i<kk
                      00022           nop
                      00023 
                      00024 i+=1
                      00025           endw
                      00026           endm
                      00027 
00001A 0E04           00028 delay     movlw d'4'
00001C 6E01           00029            movwf loop_cnt2, A
00001E 0EFA           00030 again1     movlw d'250'
000020 6E00           00031            movwf loop_cnt1, A
                      00032 again2     dup_nop    d'17'
  0000                    M           variable i
                          M 
  00000000                M i=0
                          M           while i<d'17'
000022 0000               M           nop
                          M 
  00000001                M i+=1
000024 0000               M           nop
                          M 
  00000002                M i+=1
000026 0000               M           nop
                          M 
MPASM  5.51                   MINIPROJECT.ASM   11-24-2020  21:01:16         PAGE  2


LOC  OBJECT CODE     LINE SOURCE TEXT
  VALUE

  00000003                M i+=1
000028 0000               M           nop
                          M 
  00000004                M i+=1
00002A 0000               M           nop
                          M 
  00000005                M i+=1
00002C 0000               M           nop
                          M 
  00000006                M i+=1
00002E 0000               M           nop
                          M 
  00000007                M i+=1
000030 0000               M           nop
                          M 
  00000008                M i+=1
000032 0000               M           nop
                          M 
  00000009                M i+=1
000034 0000               M           nop
                          M 
  0000000A                M i+=1
000036 0000               M           nop
                          M 
  0000000B                M i+=1
000038 0000               M           nop
                          M 
  0000000C                M i+=1
00003A 0000               M           nop
                          M 
  0000000D                M i+=1
00003C 0000               M           nop
                          M 
  0000000E                M i+=1
00003E 0000               M           nop
                          M 
  0000000F                M i+=1
000040 0000               M           nop
                          M 
  00000010                M i+=1
000042 0000               M           nop
                          M 
  00000011                M i+=1
                          M           endw
000044 2E00           00033            decfsz     loop_cnt1, F, A
000046 D???           00034            bra        again2
000048 2E01           00035            decfsz     loop_cnt2, F, A
00004A D???           00036            bra        again1
00004C 0000           00037            nop
00004E 0012           00038            return
                      00039 
                      00040 ;subroutine to configure lcd************
                      00041 
MPASM  5.51                   MINIPROJECT.ASM   11-24-2020  21:01:16         PAGE  3


LOC  OBJECT CODE     LINE SOURCE TEXT
  VALUE

000050 9882           00042 cnfglcd         bcf     controllcd, RS, A
000052 9A82           00043                         bcf     controllcd, RW, A
000054 8C82           00044                         bsf controllcd, EN, A
000056 EC?? F???      00045                         call delay
00005A 9C82           00046                         bcf controllcd, EN, A
00005C 0012           00047                         return
                      00048 
                      00049 ;subroutine to send data to lcd**********
                      00050 
00005E 8882           00051 sendatalcd      bsf     controllcd, RS, A
000060 9A82           00052                         bcf     controllcd, RW, A
000062 8C82           00053                         bsf controllcd, EN, A
000064 EC?? F???      00054                         call delay
000068 9C82           00055                         bcf controllcd, EN, A
00006A 0012           00056                         return
                      00057 ;*************************************************
                      00058 ;subroutine for cnfg 2 lines and 5x7 matrix
                      00059 
00006C 0E38           00060 cnfg2lines      movlw   0x38
00006E 6E83           00061                         movwf   PORTD, A
000070 EC?? F???      00062                         call    cnfglcd
000074 0012           00063                         return
                      00064 
                      00065 ;subroutine for display to blink(cursor)
                      00066 
000076 0E0F           00067 disblink        movlw   0x0F
000078 6E83           00068                         movwf   PORTD, A
00007A EC?? F???      00069                         call    cnfglcd
00007E 0012           00070                         return
                      00071 
                      00072 ;subroutine for clear display
                      00073 
000080 0E01           00074 cleardis        movlw   0x01
000082 6E83           00075                         movwf   PORTD, A
000084 EC?? F???      00076                         call    cnfglcd
000088 0012           00077                         return
                      00078 
                      00079 ;subroutine for second line
00008A 0EC0           00080 secline         movlw   0xC0
00008C 6E83           00081                         movwf   PORTD, A
00008E EC?? F???      00082                         call    cnfglcd
000092 0012           00083                         return
                      00084 
                      00085 ;subroutine for Muhd Haziq
                      00086 
000094 0E4D           00087 nameM   movlw   D'77'
000096 6E83           00088                 movwf   PORTD, A
000098 EC?? F???      00089                 call sendatalcd
00009C 0012           00090                 return
                      00091 
00009E 0E75           00092 nameu   movlw   D'117'
0000A0 6E83           00093                 movwf   PORTD, A
0000A2 EC?? F???      00094                 call sendatalcd
MPASM  5.51                   MINIPROJECT.ASM   11-24-2020  21:01:16         PAGE  4


LOC  OBJECT CODE     LINE SOURCE TEXT
  VALUE

0000A6 0012           00095                 return
                      00096 
0000A8 0E68           00097 nameh   movlw   D'104'
0000AA 6E83           00098                 movwf   PORTD, A
0000AC EC?? F???      00099                 call sendatalcd
0000B0 0012           00100                 return
                      00101 
0000B2 0E61           00102 namea   movlw   D'97'
0000B4 6E83           00103                 movwf   PORTD, A
0000B6 EC?? F???      00104                 call sendatalcd
0000BA 0012           00105                 return
                      00106 
0000BC 0E6D           00107 namem   movlw   D'109'
0000BE 6E83           00108                 movwf   PORTD, A
0000C0 EC?? F???      00109                 call sendatalcd
0000C4 0012           00110                 return
                      00111 
0000C6 0E64           00112 named   movlw   D'100'
0000C8 6E83           00113                 movwf   PORTD, A
0000CA EC?? F???      00114                 call sendatalcd
0000CE 0012           00115                 return
                      00116 
0000D0 0E48           00117 nameH   movlw   D'72'
0000D2 6E83           00118                 movwf   PORTD, A
0000D4 EC?? F???      00119                 call sendatalcd
0000D8 0012           00120                 return
                      00121 
0000DA 0E7A           00122 namez   movlw   D'122'
0000DC 6E83           00123                 movwf   PORTD, A
0000DE EC?? F???      00124                 call sendatalcd
0000E2 0012           00125                 return
                      00126 
0000E4 0E69           00127 namei   movlw   D'105'
0000E6 6E83           00128                 movwf   PORTD, A
0000E8 EC?? F???      00129                 call sendatalcd
0000EC 0012           00130                 return
                      00131 
0000EE 0E71           00132 nameq   movlw   D'113'
0000F0 6E83           00133                 movwf   PORTD, A
0000F2 EC?? F???      00134                 call sendatalcd
0000F6 0012           00135                 return
                      00136 
0000F8 0E20           00137 namespace       movlw   D'32'
0000FA 6E83           00138                         movwf   PORTD, A
0000FC EC?? F???      00139                         call sendatalcd
000100 0012           00140                         return
                      00141 
                      00142 ;subroutine for ID
                      00143 
000102 0E44           00144 idD     movlw   D'68'
000104 6E83           00145         movwf   PORTD, A
000106 EC?? F???      00146         call sendatalcd
00010A 0012           00147         return
MPASM  5.51                   MINIPROJECT.ASM   11-24-2020  21:01:16         PAGE  5


LOC  OBJECT CODE     LINE SOURCE TEXT
  VALUE

                      00148 
00010C 0E45           00149 idE     movlw   D'69'
00010E 6E83           00150         movwf   PORTD, A
000110 EC?? F???      00151         call sendatalcd
000114 0012           00152         return
                      00153 
000116 0E39           00154 id9     movlw   D'57'
000118 6E83           00155         movwf   PORTD, A
00011A EC?? F???      00156         call sendatalcd
00011E 0012           00157         return
                      00158 
000120 0E37           00159 id7     movlw   D'55'
000122 6E83           00160         movwf   PORTD, A
000124 EC?? F???      00161         call sendatalcd
000128 0012           00162         return
                      00163 
00012A 0E32           00164 id2     movlw   D'50'
00012C 6E83           00165         movwf   PORTD, A
00012E EC?? F???      00166         call sendatalcd
000132 0012           00167         return
                      00168 
000134 0E30           00169 id0     movlw   D'48'
000136 6E83           00170         movwf   PORTD, A
000138 EC?? F???      00171         call sendatalcd
00013C 0012           00172         return
                      00173 
                      00174 ;subroutine for number
                      00175 
00013E 0E30           00176 num0    movlw   D'48'
000140 6E83           00177                 movwf   PORTD, A
000142 EC?? F???      00178                 call sendatalcd
000146 0012           00179                 return
                      00180 
000148 0E31           00181 num1    movlw   D'49'
00014A 6E83           00182                 movwf   PORTD, A
00014C EC?? F???      00183                 call sendatalcd
000150 0012           00184                 return
                      00185 
000152 0E32           00186 num2    movlw   D'50'
000154 6E83           00187                 movwf   PORTD, A
000156 EC?? F???      00188                 call sendatalcd
00015A 0012           00189                 return
                      00190 
00015C 0E33           00191 num3    movlw   D'51'
00015E 6E83           00192                 movwf   PORTD, A
000160 EC?? F???      00193                 call sendatalcd
000164 0012           00194                 return
                      00195 
000166 0E34           00196 num4    movlw   D'52'
000168 6E83           00197                 movwf   PORTD, A
00016A EC?? F???      00198                 call sendatalcd
00016E 0012           00199                 return
                      00200 
MPASM  5.51                   MINIPROJECT.ASM   11-24-2020  21:01:16         PAGE  6


LOC  OBJECT CODE     LINE SOURCE TEXT
  VALUE

000170 0E35           00201 num5    movlw   D'53'
000172 6E83           00202                 movwf   PORTD, A
000174 EC?? F???      00203                 call sendatalcd
000178 0012           00204                 return
                      00205 
00017A 0E36           00206 num6    movlw   D'54'
00017C 6E83           00207                 movwf   PORTD, A
00017E EC?? F???      00208                 call sendatalcd
000182 0012           00209                 return
                      00210 
000184 0E37           00211 num7    movlw   D'55'
000186 6E83           00212                 movwf   PORTD, A
000188 EC?? F???      00213                 call sendatalcd
00018C 0012           00214                 return
                      00215 
00018E 0E38           00216 num8    movlw   D'56'
000190 6E83           00217                 movwf   PORTD, A
000192 EC?? F???      00218                 call sendatalcd
000196 0012           00219                 return
                      00220 
000198 0E39           00221 num9    movlw   D'57'
00019A 6E83           00222                 movwf   PORTD, A
00019C EC?? F???      00223                 call sendatalcd
0001A0 0012           00224                 return
0001A2 0E2A           00225 numsym1 movlw   D'42'
0001A4 6E83           00226                 movwf   PORTD, A
0001A6 EC?? F???      00227                 call sendatalcd
0001AA 0012           00228                 return
                      00229 
0001AC 0E23           00230 numsym2 movlw   D'35'
0001AE 6E83           00231                 movwf   PORTD, A
0001B0 EC?? F???      00232                 call sendatalcd
0001B4 0012           00233                 return
                      00234 
                      00235 
                      00236 
                      00237                 
                      00238         
                      00239 
                      00240 ;***********************************************************
                      00241 
                      00242 
                      00243 
0001B6 6A94           00244 start   clrf TRISC, A
0001B8 6A95           00245                 clrf TRISD, A
0001BA 6A93           00246                 clrf TRISB, A
0001BC 6A83           00247                 clrf PORTD, A
                      00248 
0001BE 8493           00249         bsf TRISB, 2, A
0001C0 8693           00250         bsf TRISB, 3, A
0001C2 8893           00251         bsf TRISB, 4, A
0001C4 9092           00252         bcf     TRISA, 0, A
0001C6 9292           00253         bcf     TRISA, 1, A
MPASM  5.51                   MINIPROJECT.ASM   11-24-2020  21:01:16         PAGE  7


LOC  OBJECT CODE     LINE SOURCE TEXT
  VALUE

0001C8 9492           00254         bcf     TRISA, 2, A
0001CA 9692           00255         bcf     TRISA, 3, A
0001CC 6A83           00256         clrf PORTD, A
                      00257 
0001CE B081           00258 set1    btfsc PORTB, 0, A
0001D0 D???           00259                 bra lcd1
0001D2 B281           00260 set2    btfsc PORTB, 1, A
0001D4 D???           00261                 bra lcd2
0001D6 8080           00262 check1  bsf PORTA, 0, A
0001D8 A481           00263                 btfss PORTB, 2, A
0001DA D???           00264                 bra check2
0001DC EC?? F???      00265                 call keypad1
0001E0 8080           00266 check2  bsf PORTA, 0 , A
0001E2 A681           00267                 btfss PORTB, 3, A
0001E4 D???           00268                 bra check3
0001E6 EC?? F???      00269                 call keypad2
0001EA 8080           00270 check3  bsf PORTA, 0, A
0001EC A881           00271                 btfss PORTB, 4, A
0001EE D???           00272                 bra check4
0001F0 EC?? F???      00273                 call keypad3
0001F4 9080           00274 check4  bcf PORTA, 0, A
0001F6 8280           00275                 bsf PORTA, 1, A
0001F8 A481           00276                 btfss PORTB, 2, A
0001FA D???           00277                 bra check5
0001FC EC?? F???      00278                 call keypad4
000200 9080           00279 check5  bcf     PORTA, 0, A
000202 8280           00280                 bsf PORTA, 1, A
000204 A681           00281                 btfss PORTB, 3, A
000206 D???           00282                 bra check6
000208 EC?? F???      00283                 call keypad5
00020C 9080           00284 check6  bcf     PORTA, 0, A
00020E 8280           00285                 bsf PORTA, 1, A
000210 A881           00286                 btfss PORTB, 4, A
000212 D???           00287                 bra check7
000214 EC?? F???      00288                 call keypad6
000218 9080           00289 check7  bcf     PORTA, 0, A
00021A 9280           00290                 bcf PORTA, 1, A
00021C 8480           00291                 bsf PORTA, 2, A
00021E A481           00292                 btfss PORTB, 2, A
000220 D???           00293                 bra check8
000222 EC?? F???      00294                 call keypad7
000226 9080           00295 check8  bcf     PORTA, 0, A
000228 9280           00296                 bcf PORTA, 1, A
00022A 8480           00297                 bsf PORTA, 2, A
00022C A681           00298                 btfss PORTB, 3, A
00022E D???           00299                 bra check9
000230 EC?? F???      00300                 call keypad8
000234 9080           00301 check9  bcf     PORTA, 0, A
000236 9280           00302                 bcf PORTA, 1, A
000238 8480           00303                 bsf PORTA, 2, A
00023A A881           00304                 btfss PORTB, 4, A
00023C D???           00305                 bra checksym1
00023E EC?? F???      00306                 call keypad9
MPASM  5.51                   MINIPROJECT.ASM   11-24-2020  21:01:16         PAGE  8


LOC  OBJECT CODE     LINE SOURCE TEXT
  VALUE

000242 D???           00307                 bra check1
000244 9080           00308 checksym1       bcf     PORTA, 0, A
000246 9280           00309                         bcf PORTA, 1, A
000248 9480           00310                         bcf PORTA, 2, A
00024A 8680           00311                         bsf PORTA, 3, A
00024C A481           00312                         btfss PORTB, 2, A
00024E D???           00313                         bra check0
000250 EC?? F???      00314                         call keypadsym1
000254 9080           00315 check0  bcf     PORTA, 0, A
000256 9280           00316                         bcf PORTA, 1, A
000258 9480           00317                         bcf PORTA, 2, A
00025A 8680           00318                         bsf PORTA, 3, A
00025C A681           00319                         btfss PORTB, 3, A
00025E D???           00320                         bra checksym2
000260 EC?? F???      00321                         call keypad0
000264 9080           00322 checksym2       bcf     PORTA, 0, A
000266 9280           00323                         bcf PORTA, 1, A
000268 9480           00324                         bcf PORTA, 2, A
00026A 8680           00325                         bsf PORTA, 3, A
00026C A881           00326                         btfss PORTB, 4, A
00026E D???           00327                         bra set1
000270 EC?? F???      00328                         call keypadsym2
000274 D???           00329                         bra set1
                      00330                 
                      00331 ;******name on lcd*******
                      00332         
000276 EC?? F???      00333 lcd1    call cnfg2lines
00027A EC?? F???      00334                 call disblink
00027E EC?? F???      00335                 call cleardis
000282 EC?? F???      00336                 call nameM
000286 EC?? F???      00337                 call nameu
00028A EC?? F???      00338                 call nameh
00028E EC?? F???      00339                 call namea
000292 EC?? F???      00340                 call namem
000296 EC?? F???      00341                 call namem
00029A EC?? F???      00342                 call namea
00029E EC?? F???      00343                 call named
0002A2 EC?? F???      00344                 call namespace
0002A6 EC?? F???      00345                 call nameH
0002AA EC?? F???      00346                 call namea
0002AE EC?? F???      00347                 call namez
0002B2 EC?? F???      00348                 call namei
0002B6 EC?? F???      00349                 call nameq
0002BA D???           00350                 bra set2
                      00351 
0002BC EC?? F???      00352 lcd2    call cnfg2lines
0002C0 EC?? F???      00353                 call disblink
0002C4 EC?? F???      00354                 call cleardis
0002C8 EC?? F???      00355                 call idD
0002CC EC?? F???      00356                 call idE
0002D0 EC?? F???      00357                 call id9
0002D4 EC?? F???      00358                 call id7
0002D8 EC?? F???      00359                 call id2
MPASM  5.51                   MINIPROJECT.ASM   11-24-2020  21:01:16         PAGE  9


LOC  OBJECT CODE     LINE SOURCE TEXT
  VALUE

0002DC EC?? F???      00360                 call id9
0002E0 EC?? F???      00361                 call id0
0002E4 D???           00362                 bra set1
                      00363 
                      00364 ;*******keypad on lcd************
                      00365 
0002E6 EC?? F???      00366 keypad1 call cnfg2lines
0002EA EC?? F???      00367                 call disblink
0002EE EC?? F???      00368                 call cleardis
0002F2 EC?? F???      00369                 call secline
0002F6 EC?? F???      00370                 call num1
0002FA D???           00371                 bra check2
                      00372                 
                      00373 
0002FC EC?? F???      00374 keypad2 call cnfg2lines
000300 EC?? F???      00375                 call disblink
000304 EC?? F???      00376                 call cleardis
000308 EC?? F???      00377                 call secline
00030C EC?? F???      00378                 call num2
000310 D???           00379                 bra check3
                      00380 
000312 EC?? F???      00381 keypad3 call cnfg2lines
000316 EC?? F???      00382                 call disblink
00031A EC?? F???      00383                 call cleardis
00031E EC?? F???      00384                 call secline
000322 EC?? F???      00385                 call num3
000326 D???           00386                 bra check4
                      00387 
000328 EC?? F???      00388 keypad4 call cnfg2lines
00032C EC?? F???      00389                 call disblink
000330 EC?? F???      00390                 call cleardis
000334 EC?? F???      00391                 call secline
000338 EC?? F???      00392                 call num4
00033C D???           00393                 bra check5
                      00394 
00033E EC?? F???      00395 keypad5 call cnfg2lines
000342 EC?? F???      00396                 call disblink
000346 EC?? F???      00397                 call cleardis
00034A EC?? F???      00398                 call secline
00034E EC?? F???      00399                 call num5
000352 D???           00400                 bra check6
                      00401 
000354 EC?? F???      00402 keypad6 call cnfg2lines
000358 EC?? F???      00403                 call disblink
00035C EC?? F???      00404                 call cleardis
000360 EC?? F???      00405                 call secline
000364 EC?? F???      00406                 call num6
000368 D???           00407                 bra check7
                      00408 
00036A EC?? F???      00409 keypad7 call cnfg2lines
00036E EC?? F???      00410                 call disblink
000372 EC?? F???      00411                 call cleardis
000376 EC?? F???      00412                 call secline
MPASM  5.51                   MINIPROJECT.ASM   11-24-2020  21:01:16         PAGE 10


LOC  OBJECT CODE     LINE SOURCE TEXT
  VALUE

00037A EC?? F???      00413                 call num7
00037E D???           00414                 bra check8
                      00415 
000380 EC?? F???      00416 keypad8 call cnfg2lines
000384 EC?? F???      00417                 call disblink
000388 EC?? F???      00418                 call cleardis
00038C EC?? F???      00419                 call secline
000390 EC?? F???      00420                 call num8
000394 D???           00421                 bra check9
                      00422 
000396 EC?? F???      00423 keypad9 call cnfg2lines
00039A EC?? F???      00424                 call disblink
00039E EC?? F???      00425                 call cleardis
0003A2 EC?? F???      00426                 call secline
0003A6 EC?? F???      00427                 call num9
0003AA D???           00428                 bra checksym1
                      00429 
0003AC EC?? F???      00430 keypadsym1      call cnfg2lines
0003B0 EC?? F???      00431                         call disblink
0003B4 EC?? F???      00432                         call cleardis
0003B8 EC?? F???      00433                         call secline
0003BC EC?? F???      00434                         call numsym1
0003C0 D???           00435                         bra check0
                      00436 
0003C2 EC?? F???      00437 keypad0 call cnfg2lines
0003C6 EC?? F???      00438                 call disblink
0003CA EC?? F???      00439                 call cleardis
0003CE EC?? F???      00440                 call secline
0003D2 EC?? F???      00441                 call num0
0003D6 D???           00442                 bra checksym2
                      00443 
0003D8 EC?? F???      00444 keypadsym2      call cnfg2lines
0003DC EC?? F???      00445                         call disblink
0003E0 EC?? F???      00446                         call cleardis
0003E4 EC?? F???      00447                         call secline
0003E8 EC?? F???      00448                         call numsym2
0003EC D???           00449                         bra check1
                      00450 
                      00451 
                      00452                 
                      00453 
                      00454 
                      00455                 end
MPASM  5.51                   MINIPROJECT.ASM   11-24-2020  21:01:16         PAGE 11


SYMBOL TABLE
  LABEL                             VALUE 

A                                 00000000
ABDEN                             00000000
ABDOVF                            00000007
ACCESS                            00000000
ACKDT                             00000005
ACKEN                             00000004
ACKSTAT                           00000006
ACQT0                             00000003
ACQT1                             00000004
ACQT2                             00000005
ACTVIE                            00000002
ACTVIF                            00000002
ADCON0                            00000FC2
ADCON1                            00000FC1
ADCON2                            00000FC0
ADCS0                             00000000
ADCS1                             00000001
ADCS2                             00000002
ADDEN                             00000003
ADDR0                             00000000
ADDR1                             00000001
ADDR2                             00000002
ADDR3                             00000003
ADDR4                             00000004
ADDR5                             00000005
ADDR6                             00000006
ADEN                              00000003
ADFM                              00000007
ADIE                              00000006
ADIF                              00000006
ADIP                              00000006
ADON                              00000000
ADRES                             00000FC3
ADRESH                            00000FC4
ADRESL                            00000FC3
AN0                               00000000
AN1                               00000001
AN2                               00000002
AN3                               00000003
AN4                               00000005
BANKED                            00000001
BAUDCON                           00000FB8
BAUDCTL                           00000FB8
BCLIE                             00000003
BCLIF                             00000003
BCLIP                             00000003
BF                                00000000
BGST                              00000005
BOR                               00000000
BRG16                             00000003
BRGH                              00000002
BSR                               00000FE0
BTOEE                             00000004
MPASM  5.51                   MINIPROJECT.ASM   11-24-2020  21:01:16         PAGE 12


SYMBOL TABLE
  LABEL                             VALUE 

BTOEF                             00000004
BTSEE                             00000007
BTSEF                             00000007
C                                 00000000
C1INV                             00000004
C1OUT                             00000006
C2INV                             00000005
C2OUT                             00000007
CCP1                              00000002
CCP1AS                            00000FB6
CCP1CON                           00000FBD
CCP1DEL                           00000FB7
CCP1IE                            00000002
CCP1IF                            00000002
CCP1IP                            00000002
CCP1M0                            00000000
CCP1M1                            00000001
CCP1M2                            00000002
CCP1M3                            00000003
CCP2CON                           00000FBA
CCP2IE                            00000000
CCP2IF                            00000000
CCP2IP                            00000000
CCP2M0                            00000000
CCP2M1                            00000001
CCP2M2                            00000002
CCP2M3                            00000003
CCPR1                             00000FBE
CCPR1H                            00000FBF
CCPR1L                            00000FBE
CCPR2                             00000FBB
CCPR2H                            00000FBC
CCPR2L                            00000FBB
CFGS                              00000006
CHS0                              00000002
CHS1                              00000003
CHS2                              00000004
CHS3                              00000005
CIS                               00000003
CK                                00000006
CK1SPP                            00000000
CK2SPP                            00000001
CKE                               00000006
CKP                               00000004
CLK1EN                            00000004
CLKCFG0                           00000006
CLKCFG1                           00000007
CM0                               00000000
CM1                               00000001
CM2                               00000002
CMCON                             00000FB4
CMIE                              00000006
CMIF                              00000006
MPASM  5.51                   MINIPROJECT.ASM   11-24-2020  21:01:16         PAGE 13


SYMBOL TABLE
  LABEL                             VALUE 

CMIP                              00000006
CRC16EE                           00000002
CRC16EF                           00000002
CRC5EE                            00000001
CRC5EF                            00000001
CREN                              00000004
CSEN                              00000005
CSRC                              00000007
CVR0                              00000000
CVR1                              00000001
CVR2                              00000002
CVR3                              00000003
CVRCON                            00000FB5
CVREF                             00000004
CVREN                             00000007
CVROE                             00000006
CVRR                              00000005
CVRSS                             00000004
D                                 00000005
DATA_ADDRESS                      00000005
DC                                00000001
DC1B0                             00000004
DC1B1                             00000005
DC2B0                             00000004
DC2B1                             00000005
DDRA                              TRISA
DDRB                              TRISB
DDRC                              TRISC
DDRD                              TRISD
DDRE                              TRISE
DFN8EE                            00000003
DFN8EF                            00000003
DIR                               00000002
DONE                              00000001
D_A                               00000005
D_NOT_A                           00000005
ECCP1AS                           00000FB6
ECCP1CON                          00000FBD
ECCP1DEL                          00000FB7
ECCPAS0                           00000004
ECCPAS1                           00000005
ECCPAS2                           00000006
ECCPASE                           00000007
EEADR                             00000FA9
EECON1                            00000FA6
EECON2                            00000FA7
EEDATA                            00000FA8
EEIE                              00000004
EEIF                              00000004
EEIP                              00000004
EEPGD                             00000007
EN                                00000006
ENDP0                             00000003
MPASM  5.51                   MINIPROJECT.ASM   11-24-2020  21:01:16         PAGE 14


SYMBOL TABLE
  LABEL                             VALUE 

ENDP1                             00000004
ENDP2                             00000005
ENDP3                             00000006
EPCONDIS                          00000003
EPHSHK                            00000004
EPINEN                            00000001
EPOUTEN                           00000002
EPSTALL                           00000000
FAST                              00000001
FERR                              00000002
FLTS                              00000002
FREE                              00000004
FRM0                              00000000
FRM1                              00000001
FRM10                             00000002
FRM2                              00000002
FRM3                              00000003
FRM4                              00000004
FRM5                              00000005
FRM6                              00000006
FRM7                              00000007
FRM8                              00000000
FRM9                              00000001
FSEN                              00000002
FSR0                              00000000
FSR0H                             00000FEA
FSR0L                             00000FE9
FSR1                              00000001
FSR1H                             00000FE2
FSR1L                             00000FE1
FSR2                              00000002
FSR2H                             00000FDA
FSR2L                             00000FD9
GCEN                              00000007
GIE                               00000007
GIEH                              00000007
GIEL                              00000006
GIE_GIEH                          00000007
GO                                00000001
GO_DONE                           00000001
GO_NOT_DONE                       00000001
HLVDCON                           00000FD2
HLVDEN                            00000004
HLVDIE                            00000002
HLVDIF                            00000002
HLVDIN                            00000005
HLVDIP                            00000002
HLVDL0                            00000000
HLVDL1                            00000001
HLVDL2                            00000002
HLVDL3                            00000003
I2C_DAT                           00000005
I2C_READ                          00000002
MPASM  5.51                   MINIPROJECT.ASM   11-24-2020  21:01:16         PAGE 15


SYMBOL TABLE
  LABEL                             VALUE 

I2C_START                         00000003
I2C_STOP                          00000004
IDLEIE                            00000004
IDLEIF                            00000004
IDLEN                             00000007
INDF0                             00000FEF
INDF1                             00000FE7
INDF2                             00000FDF
INT0                              00000000
INT0E                             00000004
INT0F                             00000001
INT0IE                            00000004
INT0IF                            00000001
INT1                              00000001
INT1E                             00000003
INT1F                             00000000
INT1IE                            00000003
INT1IF                            00000000
INT1IP                            00000006
INT1P                             00000006
INT2                              00000002
INT2E                             00000004
INT2F                             00000001
INT2IE                            00000004
INT2IF                            00000001
INT2IP                            00000007
INT2P                             00000007
INTCON                            00000FF2
INTCON2                           00000FF1
INTCON3                           00000FF0
INTEDG0                           00000006
INTEDG1                           00000005
INTEDG2                           00000004
INTSRC                            00000007
IOFS                              00000002
IPEN                              00000007
IPR1                              00000F9F
IPR2                              00000FA2
IRCF0                             00000004
IRCF1                             00000005
IRCF2                             00000006
IRVST                             00000005
IVRST                             00000005
LATA                              00000F89
LATA0                             00000000
LATA1                             00000001
LATA2                             00000002
LATA3                             00000003
LATA4                             00000004
LATA5                             00000005
LATA6                             00000006
LATB                              00000F8A
LATB0                             00000000
MPASM  5.51                   MINIPROJECT.ASM   11-24-2020  21:01:16         PAGE 16


SYMBOL TABLE
  LABEL                             VALUE 

LATB1                             00000001
LATB2                             00000002
LATB3                             00000003
LATB4                             00000004
LATB5                             00000005
LATB6                             00000006
LATB7                             00000007
LATC                              00000F8B
LATC0                             00000000
LATC1                             00000001
LATC2                             00000002
LATC6                             00000006
LATC7                             00000007
LATD                              00000F8C
LATD0                             00000000
LATD1                             00000001
LATD2                             00000002
LATD3                             00000003
LATD4                             00000004
LATD5                             00000005
LATD6                             00000006
LATD7                             00000007
LATE                              00000F8D
LATE0                             00000000
LATE1                             00000001
LATE2                             00000002
LVDCON                            00000FD2
LVDEN                             00000004
LVDIE                             00000002
LVDIF                             00000002
LVDIN                             00000005
LVDIP                             00000002
LVDL0                             00000000
LVDL1                             00000001
LVDL2                             00000002
LVDL3                             00000003
LVV0                              00000000
LVV1                              00000001
LVV2                              00000002
LVV3                              00000003
N                                 00000004
NOT_A                             00000005
NOT_ADDRESS                       00000005
NOT_BOR                           00000000
NOT_DONE                          00000001
NOT_IPEN                          00000007
NOT_PD                            00000002
NOT_POR                           00000001
NOT_RBPU                          00000007
NOT_RI                            00000004
NOT_T1SYNC                        00000002
NOT_T3SYNC                        00000002
NOT_TO                            00000003
MPASM  5.51                   MINIPROJECT.ASM   11-24-2020  21:01:16         PAGE 17


SYMBOL TABLE
  LABEL                             VALUE 

NOT_W                             00000002
NOT_WRITE                         00000002
OERR                              00000001
OESPP                             00000002
OSC2                              00000006
OSCCON                            00000FD3
OSCFIE                            00000007
OSCFIF                            00000007
OSCFIP                            00000007
OSCTUNE                           00000F9B
OSTS                              00000003
OV                                00000003
P                                 00000004
P1A                               00000002
P1M0                              00000006
P1M1                              00000007
PC                                00000FF9
PCFG0                             00000000
PCFG1                             00000001
PCFG2                             00000002
PCFG3                             00000003
PCL                               00000FF9
PCLATH                            00000FFA
PCLATU                            00000FFB
PD                                00000002
PDC0                              00000000
PDC1                              00000001
PDC2                              00000002
PDC3                              00000003
PDC4                              00000004
PDC5                              00000005
PDC6                              00000006
PEIE                              00000006
PEIE_GIEL                         00000006
PEN                               00000002
PGC                               00000006
PGD                               00000007
PGM                               00000005
PIDEE                             00000000
PIDEF                             00000000
PIE1                              00000F9D
PIE2                              00000FA0
PIR1                              00000F9E
PIR2                              00000FA1
PKTDIS                            00000004
PLUSW0                            00000FEB
PLUSW1                            00000FE3
PLUSW2                            00000FDB
POR                               00000001
PORTA                             00000F80
PORTB                             00000F81
PORTC                             00000F82
PORTD                             00000F83
MPASM  5.51                   MINIPROJECT.ASM   11-24-2020  21:01:16         PAGE 18


SYMBOL TABLE
  LABEL                             VALUE 

PORTE                             00000F84
POSTDEC0                          00000FED
POSTDEC1                          00000FE5
POSTDEC2                          00000FDD
POSTINC0                          00000FEE
POSTINC1                          00000FE6
POSTINC2                          00000FDE
PPB0                              00000000
PPB1                              00000001
PPBI                              00000001
PPBRST                            00000006
PR2                               00000FCB
PREINC0                           00000FEC
PREINC1                           00000FE4
PREINC2                           00000FDC
PROD                              00000FF3
PRODH                             00000FF4
PRODL                             00000FF3
PRSEN                             00000007
PSA                               00000003
PSSAC0                            00000002
PSSAC1                            00000003
PSSBD0                            00000000
PSSBD1                            00000001
R                                 00000002
RA0                               00000000
RA1                               00000001
RA2                               00000002
RA3                               00000003
RA4                               00000004
RA5                               00000005
RA6                               00000006
RB0                               00000000
RB1                               00000001
RB2                               00000002
RB3                               00000003
RB4                               00000004
RB5                               00000005
RB6                               00000006
RB7                               00000007
RBIE                              00000003
RBIF                              00000000
RBIP                              00000000
RBPU                              00000007
RC0                               00000000
RC1                               00000001
RC2                               00000002
RC4                               00000004
RC5                               00000005
RC6                               00000006
RC7                               00000007
RCEN                              00000003
RCIDL                             00000006
MPASM  5.51                   MINIPROJECT.ASM   11-24-2020  21:01:16         PAGE 19


SYMBOL TABLE
  LABEL                             VALUE 

RCIE                              00000005
RCIF                              00000005
RCIP                              00000005
RCMT                              00000006
RCON                              00000FD0
RCREG                             00000FAE
RCSTA                             00000FAB
RD                                00000000
RD0                               00000000
RD1                               00000001
RD16                              00000007
RD2                               00000002
RD3                               00000003
RD4                               00000004
RD5                               00000005
RD6                               00000006
RD7                               00000007
RDPU                              00000007
RDSPP                             00000007
RE0                               00000000
RE1                               00000001
RE2                               00000002
RE3                               00000003
READ_WRITE                        00000002
RESUME                            00000002
RI                                00000004
RS                                00000004
RSEN                              00000001
RW                                00000005
RX                                00000007
RX9                               00000006
RX9D                              00000000
RXDTP                             00000005
R_NOT_W                           00000002
R_W                               00000002
S                                 00000003
SBOREN                            00000006
SCKP                              00000004
SCS0                              00000000
SCS1                              00000001
SE0                               00000005
SEN                               00000000
SENDB                             00000003
SMP                               00000007
SOFIE                             00000006
SOFIF                             00000006
SPBRG                             00000FAF
SPBRGH                            00000FB0
SPEN                              00000007
SPP0                              00000000
SPP1                              00000001
SPP2                              00000002
SPP3                              00000003
MPASM  5.51                   MINIPROJECT.ASM   11-24-2020  21:01:16         PAGE 20


SYMBOL TABLE
  LABEL                             VALUE 

SPP4                              00000004
SPP5                              00000005
SPP6                              00000006
SPP7                              00000007
SPPBUSY                           00000004
SPPCFG                            00000F63
SPPCON                            00000F65
SPPDATA                           00000F62
SPPEN                             00000000
SPPEPS                            00000F64
SPPIE                             00000007
SPPIF                             00000007
SPPIP                             00000007
SPPOWN                            00000001
SREN                              00000005
SSPADD                            00000FC8
SSPBUF                            00000FC9
SSPCON1                           00000FC6
SSPCON2                           00000FC5
SSPEN                             00000005
SSPIE                             00000003
SSPIF                             00000003
SSPIP                             00000003
SSPM0                             00000000
SSPM1                             00000001
SSPM2                             00000002
SSPM3                             00000003
SSPOV                             00000006
SSPSTAT                           00000FC7
STALLIE                           00000005
STALLIF                           00000005
STATUS                            00000FD8
STKFUL                            00000007
STKOVF                            00000007
STKPTR                            00000FFC
STKPTR0                           00000000
STKPTR1                           00000001
STKPTR2                           00000002
STKPTR3                           00000003
STKPTR4                           00000004
STKUNF                            00000006
SUSPND                            00000001
SWDTE                             00000000
SWDTEN                            00000000
SYNC                              00000004
T08BIT                            00000006
T0CKI                             00000004
T0CON                             00000FD5
T0CS                              00000005
T0IE                              00000005
T0IF                              00000002
T0IP                              00000002
T0PS0                             00000000
MPASM  5.51                   MINIPROJECT.ASM   11-24-2020  21:01:16         PAGE 21


SYMBOL TABLE
  LABEL                             VALUE 

T0PS1                             00000001
T0PS2                             00000002
T0SE                              00000004
T13CKI                            00000000
T1CKPS0                           00000004
T1CKPS1                           00000005
T1CON                             00000FCD
T1OSCEN                           00000003
T1OSI                             00000001
T1OSO                             00000000
T1RUN                             00000006
T1SYNC                            00000002
T2CKPS0                           00000000
T2CKPS1                           00000001
T2CON                             00000FCA
T2OUTPS0                          00000003
T2OUTPS1                          00000004
T2OUTPS2                          00000005
T2OUTPS3                          00000006
T3CCP1                            00000003
T3CCP2                            00000006
T3CKPS0                           00000004
T3CKPS1                           00000005
T3CON                             00000FB1
T3NSYNC                           00000002
T3SYNC                            00000002
TABLAT                            00000FF5
TBLPTR                            00000FF6
TBLPTRH                           00000FF7
TBLPTRL                           00000FF6
TBLPTRU                           00000FF8
TMR0                              00000FD6
TMR0H                             00000FD7
TMR0IE                            00000005
TMR0IF                            00000002
TMR0IP                            00000002
TMR0L                             00000FD6
TMR0ON                            00000007
TMR1                              00000FCE
TMR1CS                            00000001
TMR1H                             00000FCF
TMR1IE                            00000000
TMR1IF                            00000000
TMR1IP                            00000000
TMR1L                             00000FCE
TMR1ON                            00000000
TMR2                              00000FCC
TMR2IE                            00000001
TMR2IF                            00000001
TMR2IP                            00000001
TMR2ON                            00000002
TMR3                              00000FB2
TMR3CS                            00000001
MPASM  5.51                   MINIPROJECT.ASM   11-24-2020  21:01:16         PAGE 22


SYMBOL TABLE
  LABEL                             VALUE 

TMR3H                             00000FB3
TMR3IE                            00000001
TMR3IF                            00000001
TMR3IP                            00000001
TMR3L                             00000FB2
TMR3ON                            00000000
TO                                00000003
TOS                               00000FFD
TOSH                              00000FFE
TOSL                              00000FFD
TOSU                              00000FFF
TOUTPS0                           00000003
TOUTPS1                           00000004
TOUTPS2                           00000005
TOUTPS3                           00000006
TRISA                             00000F92
TRISA0                            00000000
TRISA1                            00000001
TRISA2                            00000002
TRISA3                            00000003
TRISA4                            00000004
TRISA5                            00000005
TRISA6                            00000006
TRISB                             00000F93
TRISB0                            00000000
TRISB1                            00000001
TRISB2                            00000002
TRISB3                            00000003
TRISB4                            00000004
TRISB5                            00000005
TRISB6                            00000006
TRISB7                            00000007
TRISC                             00000F94
TRISC0                            00000000
TRISC1                            00000001
TRISC2                            00000002
TRISC6                            00000006
TRISC7                            00000007
TRISD                             00000F95
TRISD0                            00000000
TRISD1                            00000001
TRISD2                            00000002
TRISD3                            00000003
TRISD4                            00000004
TRISD5                            00000005
TRISD6                            00000006
TRISD7                            00000007
TRISE                             00000F96
TRISE0                            00000000
TRISE1                            00000001
TRISE2                            00000002
TRMT                              00000001
TRNIE                             00000003
MPASM  5.51                   MINIPROJECT.ASM   11-24-2020  21:01:16         PAGE 23


SYMBOL TABLE
  LABEL                             VALUE 

TRNIF                             00000003
TUN0                              00000000
TUN1                              00000001
TUN2                              00000002
TUN3                              00000003
TUN4                              00000004
TX                                00000006
TX9                               00000006
TX9D                              00000000
TXCKP                             00000004
TXEN                              00000005
TXIE                              00000004
TXIF                              00000004
TXIP                              00000004
TXREG                             00000FAD
TXSTA                             00000FAC
UA                                00000001
UADDR                             00000F6E
UCFG                              00000F6F
UCON                              00000F6D
UEIE                              00000F6B
UEIR                              00000F6A
UEP0                              00000F70
UEP1                              00000F71
UEP10                             00000F7A
UEP11                             00000F7B
UEP12                             00000F7C
UEP13                             00000F7D
UEP14                             00000F7E
UEP15                             00000F7F
UEP2                              00000F72
UEP3                              00000F73
UEP4                              00000F74
UEP5                              00000F75
UEP6                              00000F76
UEP7                              00000F77
UEP8                              00000F78
UEP9                              00000F79
UERRIE                            00000001
UERRIF                            00000001
UFRM                              00000F66
UFRMH                             00000F67
UFRML                             00000F66
UIE                               00000F69
UIR                               00000F68
UOEMON                            00000006
UPUEN                             00000004
URSTIE                            00000000
URSTIF                            00000000
USBEN                             00000003
USBIE                             00000005
USBIF                             00000005
USBIP                             00000005
MPASM  5.51                   MINIPROJECT.ASM   11-24-2020  21:01:16         PAGE 24


SYMBOL TABLE
  LABEL                             VALUE 

USTAT                             00000F6C
UTEYE                             00000007
UTRDIS                            00000003
VCFG0                             00000004
VCFG1                             00000005
VDIRMAG                           00000007
VREFM                             00000002
VREFP                             00000003
W                                 00000000
WCOL                              00000007
WDTCON                            00000FD1
WR                                00000001
WREG                              00000FE8
WREN                              00000002
WRERR                             00000003
WRSPP                             00000006
WS0                               00000000
WS1                               00000001
WS2                               00000002
WS3                               00000003
WUE                               00000001
Z                                 00000002
_BORV_0_2L                        000000E7
_BORV_1_2L                        000000EF
_BORV_2_2L                        000000F7
_BORV_3_2L                        000000FF
_BOR_OFF_2L                       000000F9
_BOR_ON_2L                        000000FF
_BOR_ON_ACTIVE_2L                 000000FD
_BOR_SOFT_2L                      000000FB
_CCP2MX_OFF_3H                    000000FE
_CCP2MX_ON_3H                     000000FF
_CONFIG1H                         00300001
_CONFIG1L                         00300000
_CONFIG2H                         00300003
_CONFIG2L                         00300002
_CONFIG3H                         00300005
_CONFIG4L                         00300006
_CONFIG5H                         00300009
_CONFIG5L                         00300008
_CONFIG6H                         0030000B
_CONFIG6L                         0030000A
_CONFIG7H                         0030000D
_CONFIG7L                         0030000C
_CP0_OFF_5L                       000000FF
_CP0_ON_5L                        000000FE
_CP1_OFF_5L                       000000FF
_CP1_ON_5L                        000000FD
_CP2_OFF_5L                       000000FF
_CP2_ON_5L                        000000FB
_CP3_OFF_5L                       000000FF
_CP3_ON_5L                        000000F7
_CPB_OFF_5H                       000000FF
MPASM  5.51                   MINIPROJECT.ASM   11-24-2020  21:01:16         PAGE 25


SYMBOL TABLE
  LABEL                             VALUE 

_CPB_ON_5H                        000000BF
_CPD_OFF_5H                       000000FF
_CPD_ON_5H                        0000007F
_CPUDIV_OSC1_PLL2_1L              000000E7
_CPUDIV_OSC2_PLL3_1L              000000EF
_CPUDIV_OSC3_PLL4_1L              000000F7
_CPUDIV_OSC4_PLL6_1L              000000FF
_DEBUG_OFF_4L                     000000FF
_DEBUG_ON_4L                      0000007F
_DEVID1                           003FFFFE
_DEVID2                           003FFFFF
_EBTR0_OFF_7L                     000000FF
_EBTR0_ON_7L                      000000FE
_EBTR1_OFF_7L                     000000FF
_EBTR1_ON_7L                      000000FD
_EBTR2_OFF_7L                     000000FF
_EBTR2_ON_7L                      000000FB
_EBTR3_OFF_7L                     000000FF
_EBTR3_ON_7L                      000000F7
_EBTRB_OFF_7H                     000000FF
_EBTRB_ON_7H                      000000BF
_FCMEN_OFF_1H                     000000BF
_FCMEN_ON_1H                      000000FF
_FOSC_ECIO_EC_1H                  000000F4
_FOSC_ECPLLIO_EC_1H               000000F6
_FOSC_ECPLL_EC_1H                 000000F7
_FOSC_EC_EC_1H                    000000F5
_FOSC_HSPLL_HS_1H                 000000FE
_FOSC_HS_1H                       000000FC
_FOSC_INTOSCIO_EC_1H              000000F8
_FOSC_INTOSC_EC_1H                000000F9
_FOSC_INTOSC_HS_1H                000000FB
_FOSC_INTOSC_XT_1H                000000FA
_FOSC_XTPLL_XT_1H                 000000F2
_FOSC_XT_XT_1H                    000000F0
_ICPRT_OFF_4L                     000000DF
_ICPRT_ON_4L                      000000FF
_IDLOC0                           00200000
_IDLOC1                           00200001
_IDLOC2                           00200002
_IDLOC3                           00200003
_IDLOC4                           00200004
_IDLOC5                           00200005
_IDLOC6                           00200006
_IDLOC7                           00200007
_IESO_OFF_1H                      0000007F
_IESO_ON_1H                       000000FF
_LPT1OSC_OFF_3H                   000000FB
_LPT1OSC_ON_3H                    000000FF
_LVP_OFF_4L                       000000FB
_LVP_ON_4L                        000000FF
_MCLRE_OFF_3H                     0000007F
_MCLRE_ON_3H                      000000FF
MPASM  5.51                   MINIPROJECT.ASM   11-24-2020  21:01:16         PAGE 26


SYMBOL TABLE
  LABEL                             VALUE 

_PBADEN_OFF_3H                    000000FD
_PBADEN_ON_3H                     000000FF
_PLLDIV_10_1L                     000000FE
_PLLDIV_12_1L                     000000FF
_PLLDIV_1_1L                      000000F8
_PLLDIV_2_1L                      000000F9
_PLLDIV_3_1L                      000000FA
_PLLDIV_4_1L                      000000FB
_PLLDIV_5_1L                      000000FC
_PLLDIV_6_1L                      000000FD
_PWRT_OFF_2L                      000000FF
_PWRT_ON_2L                       000000FE
_STVREN_OFF_4L                    000000FE
_STVREN_ON_4L                     000000FF
_USBDIV_1_1L                      000000DF
_USBDIV_2_1L                      000000FF
_VREGEN_OFF_2L                    000000DF
_VREGEN_ON_2L                     000000FF
_WDTPS_1024_2H                    000000F5
_WDTPS_128_2H                     000000EF
_WDTPS_16384_2H                   000000FD
_WDTPS_16_2H                      000000E9
_WDTPS_1_2H                       000000E1
_WDTPS_2048_2H                    000000F7
_WDTPS_256_2H                     000000F1
_WDTPS_2_2H                       000000E3
_WDTPS_32768_2H                   000000FF
_WDTPS_32_2H                      000000EB
_WDTPS_4096_2H                    000000F9
_WDTPS_4_2H                       000000E5
_WDTPS_512_2H                     000000F3
_WDTPS_64_2H                      000000ED
_WDTPS_8192_2H                    000000FB
_WDTPS_8_2H                       000000E7
_WDT_OFF_2H                       000000FE
_WDT_ON_2H                        000000FF
_WRT0_OFF_6L                      000000FF
_WRT0_ON_6L                       000000FE
_WRT1_OFF_6L                      000000FF
_WRT1_ON_6L                       000000FD
_WRT2_OFF_6L                      000000FF
_WRT2_ON_6L                       000000FB
_WRT3_OFF_6L                      000000FF
_WRT3_ON_6L                       000000F7
_WRTB_OFF_6H                      000000FF
_WRTB_ON_6H                       000000BF
_WRTC_OFF_6H                      000000FF
_WRTC_ON_6H                       000000DF
_WRTD_OFF_6H                      000000FF
_WRTD_ON_6H                       0000007F
_XINST_OFF_4L                     000000BF
_XINST_ON_4L                      000000FF
__18F4550                         00000001
MPASM  5.51                   MINIPROJECT.ASM   11-24-2020  21:01:16         PAGE 27


SYMBOL TABLE
  LABEL                             VALUE 

__DEBUG                           1
again1                            0000001E
again2                            00000022
check0                            00000254
check1                            000001D6
check2                            000001E0
check3                            000001EA
check4                            000001F4
check5                            00000200
check6                            0000020C
check7                            00000218
check8                            00000226
check9                            00000234
checksym1                         00000244
checksym2                         00000264
cleardis                          00000080
cnfg2lines                        0000006C
cnfglcd                           00000050
controllcd                        00000F82
delay                             0000001A
disblink                          00000076
dup_nop                           
i                                 00000011
id0                               00000134
id2                               0000012A
id7                               00000120
id9                               00000116
idD                               00000102
idE                               0000010C
keypad0                           000003C2
keypad1                           000002E6
keypad2                           000002FC
keypad3                           00000312
keypad4                           00000328
keypad5                           0000033E
keypad6                           00000354
keypad7                           0000036A
keypad8                           00000380
keypad9                           00000396
keypadsym1                        000003AC
keypadsym2                        000003D8
lcd1                              00000276
lcd2                              000002BC
loop_cnt1                         00000000
loop_cnt2                         00000001
nameH                             000000D0
nameM                             00000094
namea                             000000B2
named                             000000C6
nameh                             000000A8
namei                             000000E4
namem                             000000BC
nameq                             000000EE
MPASM  5.51                   MINIPROJECT.ASM   11-24-2020  21:01:16         PAGE 28


SYMBOL TABLE
  LABEL                             VALUE 

namespace                         000000F8
nameu                             0000009E
namez                             000000DA
num0                              0000013E
num1                              00000148
num2                              00000152
num3                              0000015C
num4                              00000166
num5                              00000170
num6                              0000017A
num7                              00000184
num8                              0000018E
num9                              00000198
numsym1                           000001A2
numsym2                           000001AC
secline                           0000008A
sendatalcd                        0000005E
set1                              000001CE
set2                              000001D2
start                             000001B6

Errors   :     0
Warnings :     0 reported,     0 suppressed
Messages :     0 reported,     0 suppressed

